<?xml version="1.0" encoding="UTF-8"?>
<testng-results skipped="0" failed="0" total="2" passed="2">
  <reporter-output>
  </reporter-output>
  <suite name="Default suite" duration-ms="84" started-at="2017-03-11T13:26:38Z" finished-at="2017-03-11T13:26:38Z">
    <groups>
    </groups>
    <test name="Default test" duration-ms="84" started-at="2017-03-11T13:26:38Z" finished-at="2017-03-11T13:26:38Z">
      <class name="practice.DataProviders">
        <test-method status="PASS" signature="LoginTest(java.lang.String, java.lang.String)[pri:0, instance:practice.DataProviders@6a024a67]" name="LoginTest" duration-ms="16" started-at="2017-03-11T08:26:38Z" data-provider="usercredentials" finished-at="2017-03-11T08:26:38Z">
          <params>
            <param index="0">
              <value>
                <![CDATA[UID1]]>
              </value>
            </param>
            <param index="1">
              <value>
                <![CDATA[PWD1]]>
              </value>
            </param>
          </params>
          <reporter-output>
          </reporter-output>
        </test-method> <!-- LoginTest -->
        <test-method status="PASS" signature="LoginTest(java.lang.String, java.lang.String)[pri:0, instance:practice.DataProviders@6a024a67]" name="LoginTest" duration-ms="2" started-at="2017-03-11T08:26:38Z" data-provider="usercredentials" finished-at="2017-03-11T08:26:38Z">
          <params>
            <param index="0">
              <value>
                <![CDATA[UID2]]>
              </value>
            </param>
            <param index="1">
              <value>
                <![CDATA[PWD2]]>
              </value>
            </param>
          </params>
          <reporter-output>
          </reporter-output>
        </test-method> <!-- LoginTest -->
      </class> <!-- practice.DataProviders -->
    </test> <!-- Default test -->
  </suite> <!-- Default suite -->
</testng-results>
