<?xml version="1.0" encoding="UTF-8"?>
<!-- Generated by org.testng.reporters.JUnitXMLReporter -->
<testsuite hostname="DCMASS7-7065-1L" ignored="0" name="Default test" tests="5" failures="0" timestamp="22 Feb 2017 21:02:09 GMT" time="0.711" errors="0">
  <testcase name="usercredentials" time="0.01" classname="practice.DataproviderwithExcel"/>
  <testcase name="usercredentials" time="0.003" classname="practice.DataproviderwithExcel"/>
  <testcase name="usercredentials" time="0.003" classname="practice.DataproviderwithExcel"/>
  <testcase name="usercredentials" time="0.003" classname="practice.DataproviderwithExcel"/>
  <testcase name="usercredentials" time="0.001" classname="practice.DataproviderwithExcel"/>
</testsuite> <!-- Default test -->
