<?xml version="1.0" encoding="UTF-8"?>
<!-- Generated by org.testng.reporters.JUnitXMLReporter -->
<testsuite hostname="DCMASS7-7065-1L" ignored="0" name="Login Paramters passing" tests="3" failures="0" timestamp="21 Feb 2017 21:59:23 GMT" time="0.057" errors="0">
  <testcase name="login" time="0.013" classname="practice.Parameters1"/>
  <testcase name="LoginTest" time="0.002" classname="practice.DataProviders"/>
  <testcase name="LoginTest" time="0.002" classname="practice.DataProviders"/>
</testsuite> <!-- Login Paramters passing -->
